<?xml version="1.0" encoding="UTF-8"?>
<testng-results skipped="0" failed="1" ignored="0" total="1" passed="0">
  <reporter-output>
  </reporter-output>
  <suite name="Default suite" duration-ms="14370" started-at="2017-12-07T07:13:41Z" finished-at="2017-12-07T07:13:56Z">
    <groups>
    </groups>
    <test name="Default test" duration-ms="14370" started-at="2017-12-07T07:13:41Z" finished-at="2017-12-07T07:13:56Z">
      <class name="logintestapi.login">
        <test-method status="PASS" signature="beforeTest()[pri:0, instance:logintestapi.login@5f3a4b84]" name="beforeTest" is-config="true" duration-ms="9" started-at="2017-12-07T15:13:41Z" finished-at="2017-12-07T15:13:41Z">
          <reporter-output>
          </reporter-output>
        </test-method> <!-- beforeTest -->
        <test-method status="FAIL" signature="f()[pri:0, instance:logintestapi.login@5f3a4b84]" name="f" duration-ms="14338" started-at="2017-12-07T15:13:41Z" finished-at="2017-12-07T15:13:56Z">
          <exception class="org.openqa.selenium.NoSuchElementException">
            <message>
              <![CDATA[no such element: Unable to locate element: {"method":"xpath","selector":"//*[@id="app"]/div[5]/ul/li[2]/a"}  (Session info: chrome=62.0.3202.94)  (Driver info: chromedriver=2.33.506120 (e3e53437346286c0bc2d2dc9aa4915ba81d9023f),platform=Windows NT 6.1.7601 SP1 x86_64) (WARNING: The server did not provide any stacktrace information)Command duration or timeout: 37 millisecondsFor documentation on this error, please visit: http://seleniumhq.org/exceptions/no_such_element.htmlBuild info: version: '2.47.1', revision: '411b314', time: '2015-07-30 02:56:46'System info: host: 'yl-PC', ip: '192.168.2.48', os.name: 'Windows 7', os.arch: 'amd64', os.version: '6.1', java.version: '1.8.0_121'Driver info: org.openqa.selenium.chrome.ChromeDriverCapabilities [{applicationCacheEnabled=false, rotatable=false, mobileEmulationEnabled=false, networkConnectionEnabled=false, chrome={chromedriverVersion=2.33.506120 (e3e53437346286c0bc2d2dc9aa4915ba81d9023f), userDataDir=C:\Users\yl\AppData\Local\Temp\scoped_dir8128_15863}, takesHeapSnapshot=true, pageLoadStrategy=normal, databaseEnabled=false, handlesAlerts=true, hasTouchScreen=false, version=62.0.3202.94, platform=XP, browserConnectionEnabled=false, nativeEvents=true, acceptSslCerts=true, locationContextEnabled=true, webStorageEnabled=true, browserName=chrome, takesScreenshot=true, javascriptEnabled=true, cssSelectorsEnabled=true, setWindowRect=true, unexpectedAlertBehaviour=}]Session ID: 074da2b753cafd4a9fe9536e0f9fae24*** Element info: {Using=xpath, value=//*[@id="app"]/div[5]/ul/li[2]/a}]]>
            </message>
            <full-stacktrace>
              <![CDATA[org.openqa.selenium.NoSuchElementException: no such element: Unable to locate element: {"method":"xpath","selector":"//*[@id="app"]/div[5]/ul/li[2]/a"}  (Session info: chrome=62.0.3202.94)  (Driver info: chromedriver=2.33.506120 (e3e53437346286c0bc2d2dc9aa4915ba81d9023f),platform=Windows NT 6.1.7601 SP1 x86_64) (WARNING: The server did not provide any stacktrace information)Command duration or timeout: 37 millisecondsFor documentation on this error, please visit: http://seleniumhq.org/exceptions/no_such_element.htmlBuild info: version: '2.47.1', revision: '411b314', time: '2015-07-30 02:56:46'System info: host: 'yl-PC', ip: '192.168.2.48', os.name: 'Windows 7', os.arch: 'amd64', os.version: '6.1', java.version: '1.8.0_121'Driver info: org.openqa.selenium.chrome.ChromeDriverCapabilities [{applicationCacheEnabled=false, rotatable=false, mobileEmulationEnabled=false, networkConnectionEnabled=false, chrome={chromedriverVersion=2.33.506120 (e3e53437346286c0bc2d2dc9aa4915ba81d9023f), userDataDir=C:\Users\yl\AppData\Local\Temp\scoped_dir8128_15863}, takesHeapSnapshot=true, pageLoadStrategy=normal, databaseEnabled=false, handlesAlerts=true, hasTouchScreen=false, version=62.0.3202.94, platform=XP, browserConnectionEnabled=false, nativeEvents=true, acceptSslCerts=true, locationContextEnabled=true, webStorageEnabled=true, browserName=chrome, takesScreenshot=true, javascriptEnabled=true, cssSelectorsEnabled=true, setWindowRect=true, unexpectedAlertBehaviour=}]Session ID: 074da2b753cafd4a9fe9536e0f9fae24*** Element info: {Using=xpath, value=//*[@id="app"]/div[5]/ul/li[2]/a}at sun.reflect.NativeConstructorAccessorImpl.newInstance0(Native Method)at sun.reflect.NativeConstructorAccessorImpl.newInstance(NativeConstructorAccessorImpl.java:62)at sun.reflect.DelegatingConstructorAccessorImpl.newInstance(DelegatingConstructorAccessorImpl.java:45)at java.lang.reflect.Constructor.newInstance(Constructor.java:423)at org.openqa.selenium.remote.ErrorHandler.createThrowable(ErrorHandler.java:206)at org.openqa.selenium.remote.ErrorHandler.throwIfResponseFailed(ErrorHandler.java:158)at org.openqa.selenium.remote.RemoteWebDriver.execute(RemoteWebDriver.java:595)at org.openqa.selenium.remote.RemoteWebDriver.findElement(RemoteWebDriver.java:348)at org.openqa.selenium.remote.RemoteWebDriver.findElementByXPath(RemoteWebDriver.java:445)at org.openqa.selenium.By$ByXPath.findElement(By.java:358)at org.openqa.selenium.remote.RemoteWebDriver.findElement(RemoteWebDriver.java:340)at logintestapi.login.f(login.java:38)at sun.reflect.NativeMethodAccessorImpl.invoke0(Native Method)at sun.reflect.NativeMethodAccessorImpl.invoke(NativeMethodAccessorImpl.java:62)at sun.reflect.DelegatingMethodAccessorImpl.invoke(DelegatingMethodAccessorImpl.java:43)at java.lang.reflect.Method.invoke(Method.java:498)at org.testng.internal.MethodInvocationHelper.invokeMethod(MethodInvocationHelper.java:124)at org.testng.internal.Invoker.invokeMethod(Invoker.java:571)at org.testng.internal.Invoker.invokeTestMethod(Invoker.java:707)at org.testng.internal.Invoker.invokeTestMethods(Invoker.java:979)at org.testng.internal.TestMethodWorker.invokeTestMethods(TestMethodWorker.java:125)at org.testng.internal.TestMethodWorker.run(TestMethodWorker.java:109)at org.testng.TestRunner.privateRun(TestRunner.java:648)at org.testng.TestRunner.run(TestRunner.java:505)at org.testng.SuiteRunner.runTest(SuiteRunner.java:455)at org.testng.SuiteRunner.runSequentially(SuiteRunner.java:450)at org.testng.SuiteRunner.privateRun(SuiteRunner.java:415)at org.testng.SuiteRunner.run(SuiteRunner.java:364)at org.testng.SuiteRunnerWorker.runSuite(SuiteRunnerWorker.java:52)at org.testng.SuiteRunnerWorker.run(SuiteRunnerWorker.java:84)at org.testng.TestNG.runSuitesSequentially(TestNG.java:1187)at org.testng.TestNG.runSuitesLocally(TestNG.java:1116)at org.testng.TestNG.runSuites(TestNG.java:1028)at org.testng.TestNG.run(TestNG.java:996)at org.testng.remote.AbstractRemoteTestNG.run(AbstractRemoteTestNG.java:114)at org.testng.remote.RemoteTestNG.initAndRun(RemoteTestNG.java:251)at org.testng.remote.RemoteTestNG.main(RemoteTestNG.java:77)]]>
            </full-stacktrace>
          </exception> <!-- org.openqa.selenium.NoSuchElementException -->
          <reporter-output>
          </reporter-output>
        </test-method> <!-- f -->
        <test-method status="PASS" signature="afterTest()[pri:0, instance:logintestapi.login@5f3a4b84]" name="afterTest" is-config="true" duration-ms="0" started-at="2017-12-07T15:13:56Z" finished-at="2017-12-07T15:13:56Z">
          <reporter-output>
          </reporter-output>
        </test-method> <!-- afterTest -->
      </class> <!-- logintestapi.login -->
    </test> <!-- Default test -->
  </suite> <!-- Default suite -->
</testng-results>
